1672093797.271233 client started (28128): version 3.2a, socket /private/tmp/tmux-501/default, protocol 8
1672093797.271331 on Darwin 22.2.0 Darwin Kernel Version 22.2.0: Fri Nov 11 02:04:44 PST 2022; root:xnu-8792.61.2~4/RELEASE_ARM64_T8103
1672093797.272174 using libevent 2.1.12-stable (select); utf8proc 2.6.1; ncurses 6.2
1672093797.272223 flags are 0x18010000
1672093797.272235 socket is /private/tmp/tmux-501/default
1672093797.272250 trying connect
1672093797.272284 connect failed: Connection refused
1672093797.272310 lock file is /private/tmp/tmux-501/default.lock
1672093797.272432 flock succeeded
1672093797.272443 got lock (6)
1672093797.272454 trying connect
1672093797.272468 connect failed: Connection refused
1672093797.273021 add peer 0x150048000: 7 (0x0)
1672093797.276129 sending message 100 to peer 0x150048000 (4 bytes)
1672093797.276147 sending message 111 to peer 0x150048000 (8 bytes)
1672093797.276159 sending message 101 to peer 0x150048000 (16 bytes)
1672093797.276172 sending message 109 to peer 0x150048000 (4 bytes)
1672093797.276183 sending message 102 to peer 0x150048000 (13 bytes)
1672093797.276194 sending message 108 to peer 0x150048000 (30 bytes)
1672093797.276205 sending message 112 to peer 0x150048000 (70 bytes)
1672093797.276216 sending message 112 to peer 0x150048000 (5 bytes)
1672093797.276224 sending message 112 to peer 0x150048000 (5 bytes)
1672093797.276233 sending message 112 to peer 0x150048000 (6 bytes)
1672093797.276243 sending message 112 to peer 0x150048000 (6 bytes)
1672093797.276253 sending message 112 to peer 0x150048000 (11 bytes)
1672093797.276264 sending message 112 to peer 0x150048000 (10 bytes)
1672093797.276274 sending message 112 to peer 0x150048000 (13 bytes)
1672093797.276284 sending message 112 to peer 0x150048000 (13 bytes)
1672093797.276293 sending message 112 to peer 0x150048000 (18 bytes)
1672093797.276301 sending message 112 to peer 0x150048000 (11 bytes)
1672093797.276310 sending message 112 to peer 0x150048000 (21 bytes)
1672093797.276320 sending message 112 to peer 0x150048000 (13 bytes)
1672093797.276331 sending message 112 to peer 0x150048000 (7 bytes)
1672093797.276342 sending message 112 to peer 0x150048000 (13 bytes)
1672093797.276353 sending message 112 to peer 0x150048000 (7 bytes)
1672093797.276363 sending message 112 to peer 0x150048000 (13 bytes)
1672093797.276373 sending message 112 to peer 0x150048000 (9 bytes)
1672093797.276388 sending message 112 to peer 0x150048000 (21 bytes)
1672093797.276399 sending message 112 to peer 0x150048000 (13 bytes)
1672093797.276409 sending message 112 to peer 0x150048000 (8 bytes)
1672093797.276419 sending message 112 to peer 0x150048000 (12 bytes)
1672093797.276428 sending message 112 to peer 0x150048000 (13 bytes)
1672093797.276436 sending message 112 to peer 0x150048000 (9 bytes)
1672093797.276446 sending message 112 to peer 0x150048000 (9 bytes)
1672093797.276455 sending message 112 to peer 0x150048000 (12 bytes)
1672093797.276463 sending message 112 to peer 0x150048000 (8 bytes)
1672093797.276474 sending message 112 to peer 0x150048000 (7 bytes)
1672093797.276485 sending message 112 to peer 0x150048000 (7 bytes)
1672093797.276494 sending message 112 to peer 0x150048000 (9 bytes)
1672093797.276504 sending message 112 to peer 0x150048000 (13 bytes)
1672093797.276514 sending message 112 to peer 0x150048000 (9 bytes)
1672093797.276524 sending message 112 to peer 0x150048000 (15 bytes)
1672093797.276536 sending message 112 to peer 0x150048000 (13 bytes)
1672093797.276545 sending message 112 to peer 0x150048000 (12 bytes)
1672093797.276556 sending message 112 to peer 0x150048000 (8 bytes)
1672093797.276566 sending message 112 to peer 0x150048000 (14 bytes)
1672093797.276577 sending message 112 to peer 0x150048000 (9 bytes)
1672093797.276588 sending message 112 to peer 0x150048000 (10 bytes)
1672093797.276608 sending message 112 to peer 0x150048000 (10 bytes)
1672093797.276619 sending message 112 to peer 0x150048000 (10 bytes)
1672093797.276629 sending message 112 to peer 0x150048000 (10 bytes)
1672093797.276637 sending message 112 to peer 0x150048000 (11 bytes)
1672093797.276662 sending message 112 to peer 0x150048000 (10 bytes)
1672093797.276670 sending message 112 to peer 0x150048000 (8 bytes)
1672093797.276679 sending message 112 to peer 0x150048000 (11 bytes)
1672093797.276687 sending message 112 to peer 0x150048000 (11 bytes)
1672093797.276695 sending message 112 to peer 0x150048000 (11 bytes)
1672093797.276702 sending message 112 to peer 0x150048000 (8 bytes)
1672093797.276711 sending message 112 to peer 0x150048000 (8 bytes)
1672093797.276718 sending message 112 to peer 0x150048000 (8 bytes)
1672093797.276725 sending message 112 to peer 0x150048000 (10 bytes)
1672093797.276733 sending message 112 to peer 0x150048000 (10 bytes)
1672093797.276741 sending message 112 to peer 0x150048000 (10 bytes)
1672093797.276748 sending message 112 to peer 0x150048000 (10 bytes)
1672093797.276756 sending message 112 to peer 0x150048000 (10 bytes)
1672093797.276764 sending message 112 to peer 0x150048000 (11 bytes)
1672093797.276771 sending message 112 to peer 0x150048000 (11 bytes)
1672093797.276779 sending message 112 to peer 0x150048000 (10 bytes)
1672093797.276787 sending message 112 to peer 0x150048000 (9 bytes)
1672093797.276795 sending message 112 to peer 0x150048000 (9 bytes)
1672093797.276802 sending message 112 to peer 0x150048000 (12 bytes)
1672093797.276810 sending message 112 to peer 0x150048000 (9 bytes)
1672093797.276819 sending message 112 to peer 0x150048000 (6 bytes)
1672093797.276825 sending message 112 to peer 0x150048000 (13 bytes)
1672093797.276832 sending message 112 to peer 0x150048000 (8 bytes)
1672093797.276840 sending message 112 to peer 0x150048000 (15 bytes)
1672093797.276848 sending message 112 to peer 0x150048000 (13 bytes)
1672093797.276856 sending message 112 to peer 0x150048000 (70 bytes)
1672093797.276864 sending message 112 to peer 0x150048000 (69 bytes)
1672093797.276872 sending message 112 to peer 0x150048000 (10 bytes)
1672093797.276881 sending message 112 to peer 0x150048000 (8 bytes)
1672093797.276887 sending message 112 to peer 0x150048000 (15 bytes)
1672093797.276895 sending message 112 to peer 0x150048000 (13 bytes)
1672093797.276903 sending message 112 to peer 0x150048000 (10 bytes)
1672093797.276911 sending message 112 to peer 0x150048000 (10 bytes)
1672093797.276918 sending message 112 to peer 0x150048000 (5 bytes)
1672093797.276926 sending message 112 to peer 0x150048000 (15 bytes)
1672093797.276940 sending message 104 to peer 0x150048000 (0 bytes)
1672093797.276953 sending message 110 to peer 0x150048000 (0 bytes)
1672093797.276961 sending message 107 to peer 0x150048000 (4 bytes)
1672093797.276969 sending message 105 to peer 0x150048000 (60 bytes)
1672093797.276975 sending message 105 to peer 0x150048000 (66 bytes)
1672093797.276982 sending message 105 to peer 0x150048000 (27 bytes)
1672093797.276998 sending message 105 to peer 0x150048000 (15 bytes)
1672093797.277006 sending message 105 to peer 0x150048000 (22 bytes)
1672093797.277013 sending message 105 to peer 0x150048000 (14 bytes)
1672093797.277021 sending message 105 to peer 0x150048000 (17 bytes)
1672093797.277029 sending message 105 to peer 0x150048000 (34 bytes)
1672093797.277038 sending message 105 to peer 0x150048000 (15 bytes)
1672093797.277046 sending message 105 to peer 0x150048000 (43 bytes)
1672093797.277053 sending message 105 to peer 0x150048000 (28 bytes)
1672093797.277060 sending message 105 to peer 0x150048000 (23 bytes)
1672093797.277068 sending message 105 to peer 0x150048000 (377 bytes)
1672093797.277076 sending message 105 to peer 0x150048000 (19 bytes)
1672093797.277084 sending message 105 to peer 0x150048000 (20 bytes)
1672093797.277091 sending message 105 to peer 0x150048000 (22 bytes)
1672093797.277100 sending message 105 to peer 0x150048000 (21 bytes)
1672093797.277108 sending message 105 to peer 0x150048000 (26 bytes)
1672093797.277116 sending message 105 to peer 0x150048000 (57 bytes)
1672093797.277125 sending message 105 to peer 0x150048000 (19 bytes)
1672093797.277133 sending message 105 to peer 0x150048000 (19 bytes)
1672093797.277162 sending message 105 to peer 0x150048000 (22 bytes)
1672093797.277170 sending message 105 to peer 0x150048000 (61 bytes)
1672093797.277178 sending message 105 to peer 0x150048000 (32 bytes)
1672093797.277186 sending message 105 to peer 0x150048000 (8 bytes)
1672093797.277203 sending message 105 to peer 0x150048000 (28 bytes)
1672093797.277210 sending message 105 to peer 0x150048000 (12 bytes)
1672093797.277218 sending message 105 to peer 0x150048000 (12 bytes)
1672093797.277226 sending message 105 to peer 0x150048000 (51 bytes)
1672093797.277233 sending message 105 to peer 0x150048000 (43 bytes)
1672093797.277242 sending message 105 to peer 0x150048000 (46 bytes)
1672093797.277252 sending message 105 to peer 0x150048000 (39 bytes)
1672093797.277259 sending message 105 to peer 0x150048000 (16 bytes)
1672093797.277275 sending message 105 to peer 0x150048000 (52 bytes)
1672093797.277283 sending message 105 to peer 0x150048000 (80 bytes)
1672093797.277291 sending message 105 to peer 0x150048000 (88 bytes)
1672093797.277299 sending message 105 to peer 0x150048000 (100 bytes)
1672093797.277307 sending message 105 to peer 0x150048000 (94 bytes)
1672093797.277315 sending message 105 to peer 0x150048000 (104 bytes)
1672093797.277321 sending message 105 to peer 0x150048000 (253 bytes)
1672093797.277330 sending message 105 to peer 0x150048000 (34 bytes)
1672093797.277339 sending message 105 to peer 0x150048000 (16 bytes)
1672093797.277347 sending message 105 to peer 0x150048000 (60 bytes)
1672093797.277357 sending message 105 to peer 0x150048000 (69 bytes)
1672093797.277366 sending message 105 to peer 0x150048000 (55 bytes)
1672093797.277372 sending message 105 to peer 0x150048000 (111 bytes)
1672093797.277380 sending message 105 to peer 0x150048000 (54 bytes)
1672093797.277387 sending message 105 to peer 0x150048000 (67 bytes)
1672093797.277395 sending message 105 to peer 0x150048000 (29 bytes)
1672093797.277403 sending message 105 to peer 0x150048000 (55 bytes)
1672093797.277411 sending message 105 to peer 0x150048000 (49 bytes)
1672093797.277420 sending message 105 to peer 0x150048000 (90 bytes)
1672093797.277428 sending message 105 to peer 0x150048000 (28 bytes)
1672093797.277436 sending message 105 to peer 0x150048000 (35 bytes)
1672093797.277444 sending message 105 to peer 0x150048000 (25 bytes)
1672093797.277462 sending message 106 to peer 0x150048000 (0 bytes)
1672093797.277475 sending message 200 to peer 0x150048000 (4 bytes)
1672093797.277483 client loop enter
1672093797.277559 client_signal: Child exited: 20
1672093797.341848 peer 0x150048000 message 207
1672093797.341859 sending message 208 to peer 0x150048000 (0 bytes)
1672093797.345553 peer 0x150048000 message 203
1672093797.345560 sending message 205 to peer 0x150048000 (0 bytes)
1672093797.345649 peer 0x150048000 message 204
1672093797.345655 client loop exit
